<?xml version="1.0" encoding="UTF-8"?>
<testsuite xmlns:xsi="http://www.w3.org/2001/XMLSchema-instance" xsi:noNamespaceSchemaLocation="https://maven.apache.org/surefire/maven-surefire-plugin/xsd/surefire-test-report.xsd" name="com.ipgeolocation.utils.GeolocationUtilsTest" time="1.659" tests="2" errors="1" skipped="0" failures="0">
  <properties>
    <property name="java.specification.version" value="16"/>
    <property name="sun.cpu.isalist" value="amd64"/>
    <property name="sun.jnu.encoding" value="Cp1252"/>
    <property name="java.class.path" value="C:\Users\noeai\eclipse-workspace\MELI_Challenge\ip_geolocation\target\test-classes;C:\Users\noeai\eclipse-workspace\MELI_Challenge\ip_geolocation\target\classes;C:\Users\noeai\Repository\org\springframework\boot\spring-boot-starter-data-jpa\2.4.0\spring-boot-starter-data-jpa-2.4.0.jar;C:\Users\noeai\Repository\org\springframework\boot\spring-boot-starter-aop\2.4.0\spring-boot-starter-aop-2.4.0.jar;C:\Users\noeai\Repository\org\springframework\spring-aop\5.3.1\spring-aop-5.3.1.jar;C:\Users\noeai\Repository\org\aspectj\aspectjweaver\1.9.6\aspectjweaver-1.9.6.jar;C:\Users\noeai\Repository\org\springframework\boot\spring-boot-starter-jdbc\2.4.0\spring-boot-starter-jdbc-2.4.0.jar;C:\Users\noeai\Repository\com\zaxxer\HikariCP\3.4.5\HikariCP-3.4.5.jar;C:\Users\noeai\Repository\org\springframework\spring-jdbc\5.3.1\spring-jdbc-5.3.1.jar;C:\Users\noeai\Repository\jakarta\transaction\jakarta.transaction-api\1.3.3\jakarta.transaction-api-1.3.3.jar;C:\Users\noeai\Repository\jakarta\persistence\jakarta.persistence-api\2.2.3\jakarta.persistence-api-2.2.3.jar;C:\Users\noeai\Repository\org\hibernate\hibernate-core\5.4.23.Final\hibernate-core-5.4.23.Final.jar;C:\Users\noeai\Repository\org\jboss\logging\jboss-logging\3.4.1.Final\jboss-logging-3.4.1.Final.jar;C:\Users\noeai\Repository\org\javassist\javassist\3.24.0-GA\javassist-3.24.0-GA.jar;C:\Users\noeai\Repository\net\bytebuddy\byte-buddy\1.10.18\byte-buddy-1.10.18.jar;C:\Users\noeai\Repository\antlr\antlr\2.7.7\antlr-2.7.7.jar;C:\Users\noeai\Repository\org\jboss\jandex\2.1.3.Final\jandex-2.1.3.Final.jar;C:\Users\noeai\Repository\com\fasterxml\classmate\1.5.1\classmate-1.5.1.jar;C:\Users\noeai\Repository\org\dom4j\dom4j\2.1.3\dom4j-2.1.3.jar;C:\Users\noeai\Repository\org\hibernate\common\hibernate-commons-annotations\5.1.2.Final\hibernate-commons-annotations-5.1.2.Final.jar;C:\Users\noeai\Repository\org\glassfish\jaxb\jaxb-runtime\2.3.3\jaxb-runtime-2.3.3.jar;C:\Users\noeai\Repository\org\glassfish\jaxb\txw2\2.3.3\txw2-2.3.3.jar;C:\Users\noeai\Repository\com\sun\istack\istack-commons-runtime\3.0.11\istack-commons-runtime-3.0.11.jar;C:\Users\noeai\Repository\com\sun\activation\jakarta.activation\1.2.2\jakarta.activation-1.2.2.jar;C:\Users\noeai\Repository\org\springframework\data\spring-data-jpa\2.4.1\spring-data-jpa-2.4.1.jar;C:\Users\noeai\Repository\org\springframework\data\spring-data-commons\2.4.1\spring-data-commons-2.4.1.jar;C:\Users\noeai\Repository\org\springframework\spring-orm\5.3.1\spring-orm-5.3.1.jar;C:\Users\noeai\Repository\org\springframework\spring-context\5.3.1\spring-context-5.3.1.jar;C:\Users\noeai\Repository\org\springframework\spring-tx\5.3.1\spring-tx-5.3.1.jar;C:\Users\noeai\Repository\org\springframework\spring-beans\5.3.1\spring-beans-5.3.1.jar;C:\Users\noeai\Repository\org\slf4j\slf4j-api\1.7.30\slf4j-api-1.7.30.jar;C:\Users\noeai\Repository\org\springframework\spring-aspects\5.3.1\spring-aspects-5.3.1.jar;C:\Users\noeai\Repository\org\springframework\boot\spring-boot-starter-web\2.4.0\spring-boot-starter-web-2.4.0.jar;C:\Users\noeai\Repository\org\springframework\boot\spring-boot-starter\2.4.0\spring-boot-starter-2.4.0.jar;C:\Users\noeai\Repository\org\springframework\boot\spring-boot\2.4.0\spring-boot-2.4.0.jar;C:\Users\noeai\Repository\org\springframework\boot\spring-boot-autoconfigure\2.4.0\spring-boot-autoconfigure-2.4.0.jar;C:\Users\noeai\Repository\org\springframework\boot\spring-boot-starter-logging\2.4.0\spring-boot-starter-logging-2.4.0.jar;C:\Users\noeai\Repository\ch\qos\logback\logback-classic\1.2.3\logback-classic-1.2.3.jar;C:\Users\noeai\Repository\ch\qos\logback\logback-core\1.2.3\logback-core-1.2.3.jar;C:\Users\noeai\Repository\org\apache\logging\log4j\log4j-to-slf4j\2.13.3\log4j-to-slf4j-2.13.3.jar;C:\Users\noeai\Repository\org\slf4j\jul-to-slf4j\1.7.30\jul-to-slf4j-1.7.30.jar;C:\Users\noeai\Repository\jakarta\annotation\jakarta.annotation-api\1.3.5\jakarta.annotation-api-1.3.5.jar;C:\Users\noeai\Repository\org\yaml\snakeyaml\1.27\snakeyaml-1.27.jar;C:\Users\noeai\Repository\org\springframework\boot\spring-boot-starter-json\2.4.0\spring-boot-starter-json-2.4.0.jar;C:\Users\noeai\Repository\com\fasterxml\jackson\core\jackson-databind\2.11.3\jackson-databind-2.11.3.jar;C:\Users\noeai\Repository\com\fasterxml\jackson\core\jackson-annotations\2.11.3\jackson-annotations-2.11.3.jar;C:\Users\noeai\Repository\com\fasterxml\jackson\core\jackson-core\2.11.3\jackson-core-2.11.3.jar;C:\Users\noeai\Repository\com\fasterxml\jackson\datatype\jackson-datatype-jdk8\2.11.3\jackson-datatype-jdk8-2.11.3.jar;C:\Users\noeai\Repository\com\fasterxml\jackson\datatype\jackson-datatype-jsr310\2.11.3\jackson-datatype-jsr310-2.11.3.jar;C:\Users\noeai\Repository\com\fasterxml\jackson\module\jackson-module-parameter-names\2.11.3\jackson-module-parameter-names-2.11.3.jar;C:\Users\noeai\Repository\org\springframework\boot\spring-boot-starter-tomcat\2.4.0\spring-boot-starter-tomcat-2.4.0.jar;C:\Users\noeai\Repository\org\apache\tomcat\embed\tomcat-embed-core\9.0.39\tomcat-embed-core-9.0.39.jar;C:\Users\noeai\Repository\org\glassfish\jakarta.el\3.0.3\jakarta.el-3.0.3.jar;C:\Users\noeai\Repository\org\apache\tomcat\embed\tomcat-embed-websocket\9.0.39\tomcat-embed-websocket-9.0.39.jar;C:\Users\noeai\Repository\org\springframework\spring-web\5.3.1\spring-web-5.3.1.jar;C:\Users\noeai\Repository\org\springframework\spring-webmvc\5.3.1\spring-webmvc-5.3.1.jar;C:\Users\noeai\Repository\org\springframework\spring-expression\5.3.1\spring-expression-5.3.1.jar;C:\Users\noeai\Repository\org\postgresql\postgresql\42.2.18\postgresql-42.2.18.jar;C:\Users\noeai\Repository\org\checkerframework\checker-qual\3.5.0\checker-qual-3.5.0.jar;C:\Users\noeai\Repository\org\springframework\boot\spring-boot-starter-test\2.4.0\spring-boot-starter-test-2.4.0.jar;C:\Users\noeai\Repository\org\springframework\boot\spring-boot-test\2.4.0\spring-boot-test-2.4.0.jar;C:\Users\noeai\Repository\org\springframework\boot\spring-boot-test-autoconfigure\2.4.0\spring-boot-test-autoconfigure-2.4.0.jar;C:\Users\noeai\Repository\com\jayway\jsonpath\json-path\2.4.0\json-path-2.4.0.jar;C:\Users\noeai\Repository\net\minidev\json-smart\2.3\json-smart-2.3.jar;C:\Users\noeai\Repository\net\minidev\accessors-smart\1.2\accessors-smart-1.2.jar;C:\Users\noeai\Repository\org\ow2\asm\asm\5.0.4\asm-5.0.4.jar;C:\Users\noeai\Repository\jakarta\xml\bind\jakarta.xml.bind-api\2.3.3\jakarta.xml.bind-api-2.3.3.jar;C:\Users\noeai\Repository\jakarta\activation\jakarta.activation-api\1.2.2\jakarta.activation-api-1.2.2.jar;C:\Users\noeai\Repository\org\assertj\assertj-core\3.18.1\assertj-core-3.18.1.jar;C:\Users\noeai\Repository\org\hamcrest\hamcrest\2.2\hamcrest-2.2.jar;C:\Users\noeai\Repository\org\junit\jupiter\junit-jupiter\5.7.0\junit-jupiter-5.7.0.jar;C:\Users\noeai\Repository\org\junit\jupiter\junit-jupiter-api\5.7.0\junit-jupiter-api-5.7.0.jar;C:\Users\noeai\Repository\org\apiguardian\apiguardian-api\1.1.0\apiguardian-api-1.1.0.jar;C:\Users\noeai\Repository\org\opentest4j\opentest4j\1.2.0\opentest4j-1.2.0.jar;C:\Users\noeai\Repository\org\junit\platform\junit-platform-commons\1.7.0\junit-platform-commons-1.7.0.jar;C:\Users\noeai\Repository\org\junit\jupiter\junit-jupiter-params\5.7.0\junit-jupiter-params-5.7.0.jar;C:\Users\noeai\Repository\org\junit\jupiter\junit-jupiter-engine\5.7.0\junit-jupiter-engine-5.7.0.jar;C:\Users\noeai\Repository\org\junit\platform\junit-platform-engine\1.7.0\junit-platform-engine-1.7.0.jar;C:\Users\noeai\Repository\org\mockito\mockito-core\3.6.0\mockito-core-3.6.0.jar;C:\Users\noeai\Repository\net\bytebuddy\byte-buddy-agent\1.10.18\byte-buddy-agent-1.10.18.jar;C:\Users\noeai\Repository\org\objenesis\objenesis\3.1\objenesis-3.1.jar;C:\Users\noeai\Repository\org\mockito\mockito-junit-jupiter\3.6.0\mockito-junit-jupiter-3.6.0.jar;C:\Users\noeai\Repository\org\skyscreamer\jsonassert\1.5.0\jsonassert-1.5.0.jar;C:\Users\noeai\Repository\com\vaadin\external\google\android-json\0.0.20131108.vaadin1\android-json-0.0.20131108.vaadin1.jar;C:\Users\noeai\Repository\org\springframework\spring-core\5.3.1\spring-core-5.3.1.jar;C:\Users\noeai\Repository\org\springframework\spring-jcl\5.3.1\spring-jcl-5.3.1.jar;C:\Users\noeai\Repository\org\springframework\spring-test\5.3.1\spring-test-5.3.1.jar;C:\Users\noeai\Repository\org\xmlunit\xmlunit-core\2.7.0\xmlunit-core-2.7.0.jar;C:\Users\noeai\Repository\com\vladmihalcea\hibernate-types-52\2.20.0\hibernate-types-52-2.20.0.jar;C:\Users\noeai\Repository\javax\persistence\javax.persistence-api\2.2\javax.persistence-api-2.2.jar;C:\Users\noeai\Repository\org\apache\logging\log4j\log4j-api\2.6.1\log4j-api-2.6.1.jar;C:\Users\noeai\Repository\org\apache\logging\log4j\log4j-core\2.6.1\log4j-core-2.6.1.jar;C:\Users\noeai\Repository\org\json\json\20180130\json-20180130.jar;C:\Users\noeai\Repository\junit\junit\4.5\junit-4.5.jar;"/>
    <property name="java.vm.vendor" value="Oracle Corporation"/>
    <property name="sun.arch.data.model" value="64"/>
    <property name="user.variant" value=""/>
    <property name="java.vendor.url" value="https://java.oracle.com/"/>
    <property name="user.timezone" value="America/Buenos_Aires"/>
    <property name="os.name" value="Windows 10"/>
    <property name="java.vm.specification.version" value="16"/>
    <property name="sun.java.launcher" value="SUN_STANDARD"/>
    <property name="user.country" value="AR"/>
    <property name="sun.boot.library.path" value="C:\Program Files\Java\jdk-16.0.2\bin"/>
    <property name="sun.java.command" value="C:\Users\noeai\AppData\Local\Temp\surefire1455053592794916080\surefirebooter4956519151832750649.jar C:\Users\noeai\AppData\Local\Temp\surefire1455053592794916080 2023-04-17T23-40-43_368-jvmRun1 surefire4114843806654097480tmp surefire_017366722025384819648tmp"/>
    <property name="jdk.debug" value="release"/>
    <property name="surefire.test.class.path" value="C:\Users\noeai\eclipse-workspace\MELI_Challenge\ip_geolocation\target\test-classes;C:\Users\noeai\eclipse-workspace\MELI_Challenge\ip_geolocation\target\classes;C:\Users\noeai\Repository\org\springframework\boot\spring-boot-starter-data-jpa\2.4.0\spring-boot-starter-data-jpa-2.4.0.jar;C:\Users\noeai\Repository\org\springframework\boot\spring-boot-starter-aop\2.4.0\spring-boot-starter-aop-2.4.0.jar;C:\Users\noeai\Repository\org\springframework\spring-aop\5.3.1\spring-aop-5.3.1.jar;C:\Users\noeai\Repository\org\aspectj\aspectjweaver\1.9.6\aspectjweaver-1.9.6.jar;C:\Users\noeai\Repository\org\springframework\boot\spring-boot-starter-jdbc\2.4.0\spring-boot-starter-jdbc-2.4.0.jar;C:\Users\noeai\Repository\com\zaxxer\HikariCP\3.4.5\HikariCP-3.4.5.jar;C:\Users\noeai\Repository\org\springframework\spring-jdbc\5.3.1\spring-jdbc-5.3.1.jar;C:\Users\noeai\Repository\jakarta\transaction\jakarta.transaction-api\1.3.3\jakarta.transaction-api-1.3.3.jar;C:\Users\noeai\Repository\jakarta\persistence\jakarta.persistence-api\2.2.3\jakarta.persistence-api-2.2.3.jar;C:\Users\noeai\Repository\org\hibernate\hibernate-core\5.4.23.Final\hibernate-core-5.4.23.Final.jar;C:\Users\noeai\Repository\org\jboss\logging\jboss-logging\3.4.1.Final\jboss-logging-3.4.1.Final.jar;C:\Users\noeai\Repository\org\javassist\javassist\3.24.0-GA\javassist-3.24.0-GA.jar;C:\Users\noeai\Repository\net\bytebuddy\byte-buddy\1.10.18\byte-buddy-1.10.18.jar;C:\Users\noeai\Repository\antlr\antlr\2.7.7\antlr-2.7.7.jar;C:\Users\noeai\Repository\org\jboss\jandex\2.1.3.Final\jandex-2.1.3.Final.jar;C:\Users\noeai\Repository\com\fasterxml\classmate\1.5.1\classmate-1.5.1.jar;C:\Users\noeai\Repository\org\dom4j\dom4j\2.1.3\dom4j-2.1.3.jar;C:\Users\noeai\Repository\org\hibernate\common\hibernate-commons-annotations\5.1.2.Final\hibernate-commons-annotations-5.1.2.Final.jar;C:\Users\noeai\Repository\org\glassfish\jaxb\jaxb-runtime\2.3.3\jaxb-runtime-2.3.3.jar;C:\Users\noeai\Repository\org\glassfish\jaxb\txw2\2.3.3\txw2-2.3.3.jar;C:\Users\noeai\Repository\com\sun\istack\istack-commons-runtime\3.0.11\istack-commons-runtime-3.0.11.jar;C:\Users\noeai\Repository\com\sun\activation\jakarta.activation\1.2.2\jakarta.activation-1.2.2.jar;C:\Users\noeai\Repository\org\springframework\data\spring-data-jpa\2.4.1\spring-data-jpa-2.4.1.jar;C:\Users\noeai\Repository\org\springframework\data\spring-data-commons\2.4.1\spring-data-commons-2.4.1.jar;C:\Users\noeai\Repository\org\springframework\spring-orm\5.3.1\spring-orm-5.3.1.jar;C:\Users\noeai\Repository\org\springframework\spring-context\5.3.1\spring-context-5.3.1.jar;C:\Users\noeai\Repository\org\springframework\spring-tx\5.3.1\spring-tx-5.3.1.jar;C:\Users\noeai\Repository\org\springframework\spring-beans\5.3.1\spring-beans-5.3.1.jar;C:\Users\noeai\Repository\org\slf4j\slf4j-api\1.7.30\slf4j-api-1.7.30.jar;C:\Users\noeai\Repository\org\springframework\spring-aspects\5.3.1\spring-aspects-5.3.1.jar;C:\Users\noeai\Repository\org\springframework\boot\spring-boot-starter-web\2.4.0\spring-boot-starter-web-2.4.0.jar;C:\Users\noeai\Repository\org\springframework\boot\spring-boot-starter\2.4.0\spring-boot-starter-2.4.0.jar;C:\Users\noeai\Repository\org\springframework\boot\spring-boot\2.4.0\spring-boot-2.4.0.jar;C:\Users\noeai\Repository\org\springframework\boot\spring-boot-autoconfigure\2.4.0\spring-boot-autoconfigure-2.4.0.jar;C:\Users\noeai\Repository\org\springframework\boot\spring-boot-starter-logging\2.4.0\spring-boot-starter-logging-2.4.0.jar;C:\Users\noeai\Repository\ch\qos\logback\logback-classic\1.2.3\logback-classic-1.2.3.jar;C:\Users\noeai\Repository\ch\qos\logback\logback-core\1.2.3\logback-core-1.2.3.jar;C:\Users\noeai\Repository\org\apache\logging\log4j\log4j-to-slf4j\2.13.3\log4j-to-slf4j-2.13.3.jar;C:\Users\noeai\Repository\org\slf4j\jul-to-slf4j\1.7.30\jul-to-slf4j-1.7.30.jar;C:\Users\noeai\Repository\jakarta\annotation\jakarta.annotation-api\1.3.5\jakarta.annotation-api-1.3.5.jar;C:\Users\noeai\Repository\org\yaml\snakeyaml\1.27\snakeyaml-1.27.jar;C:\Users\noeai\Repository\org\springframework\boot\spring-boot-starter-json\2.4.0\spring-boot-starter-json-2.4.0.jar;C:\Users\noeai\Repository\com\fasterxml\jackson\core\jackson-databind\2.11.3\jackson-databind-2.11.3.jar;C:\Users\noeai\Repository\com\fasterxml\jackson\core\jackson-annotations\2.11.3\jackson-annotations-2.11.3.jar;C:\Users\noeai\Repository\com\fasterxml\jackson\core\jackson-core\2.11.3\jackson-core-2.11.3.jar;C:\Users\noeai\Repository\com\fasterxml\jackson\datatype\jackson-datatype-jdk8\2.11.3\jackson-datatype-jdk8-2.11.3.jar;C:\Users\noeai\Repository\com\fasterxml\jackson\datatype\jackson-datatype-jsr310\2.11.3\jackson-datatype-jsr310-2.11.3.jar;C:\Users\noeai\Repository\com\fasterxml\jackson\module\jackson-module-parameter-names\2.11.3\jackson-module-parameter-names-2.11.3.jar;C:\Users\noeai\Repository\org\springframework\boot\spring-boot-starter-tomcat\2.4.0\spring-boot-starter-tomcat-2.4.0.jar;C:\Users\noeai\Repository\org\apache\tomcat\embed\tomcat-embed-core\9.0.39\tomcat-embed-core-9.0.39.jar;C:\Users\noeai\Repository\org\glassfish\jakarta.el\3.0.3\jakarta.el-3.0.3.jar;C:\Users\noeai\Repository\org\apache\tomcat\embed\tomcat-embed-websocket\9.0.39\tomcat-embed-websocket-9.0.39.jar;C:\Users\noeai\Repository\org\springframework\spring-web\5.3.1\spring-web-5.3.1.jar;C:\Users\noeai\Repository\org\springframework\spring-webmvc\5.3.1\spring-webmvc-5.3.1.jar;C:\Users\noeai\Repository\org\springframework\spring-expression\5.3.1\spring-expression-5.3.1.jar;C:\Users\noeai\Repository\org\postgresql\postgresql\42.2.18\postgresql-42.2.18.jar;C:\Users\noeai\Repository\org\checkerframework\checker-qual\3.5.0\checker-qual-3.5.0.jar;C:\Users\noeai\Repository\org\springframework\boot\spring-boot-starter-test\2.4.0\spring-boot-starter-test-2.4.0.jar;C:\Users\noeai\Repository\org\springframework\boot\spring-boot-test\2.4.0\spring-boot-test-2.4.0.jar;C:\Users\noeai\Repository\org\springframework\boot\spring-boot-test-autoconfigure\2.4.0\spring-boot-test-autoconfigure-2.4.0.jar;C:\Users\noeai\Repository\com\jayway\jsonpath\json-path\2.4.0\json-path-2.4.0.jar;C:\Users\noeai\Repository\net\minidev\json-smart\2.3\json-smart-2.3.jar;C:\Users\noeai\Repository\net\minidev\accessors-smart\1.2\accessors-smart-1.2.jar;C:\Users\noeai\Repository\org\ow2\asm\asm\5.0.4\asm-5.0.4.jar;C:\Users\noeai\Repository\jakarta\xml\bind\jakarta.xml.bind-api\2.3.3\jakarta.xml.bind-api-2.3.3.jar;C:\Users\noeai\Repository\jakarta\activation\jakarta.activation-api\1.2.2\jakarta.activation-api-1.2.2.jar;C:\Users\noeai\Repository\org\assertj\assertj-core\3.18.1\assertj-core-3.18.1.jar;C:\Users\noeai\Repository\org\hamcrest\hamcrest\2.2\hamcrest-2.2.jar;C:\Users\noeai\Repository\org\junit\jupiter\junit-jupiter\5.7.0\junit-jupiter-5.7.0.jar;C:\Users\noeai\Repository\org\junit\jupiter\junit-jupiter-api\5.7.0\junit-jupiter-api-5.7.0.jar;C:\Users\noeai\Repository\org\apiguardian\apiguardian-api\1.1.0\apiguardian-api-1.1.0.jar;C:\Users\noeai\Repository\org\opentest4j\opentest4j\1.2.0\opentest4j-1.2.0.jar;C:\Users\noeai\Repository\org\junit\platform\junit-platform-commons\1.7.0\junit-platform-commons-1.7.0.jar;C:\Users\noeai\Repository\org\junit\jupiter\junit-jupiter-params\5.7.0\junit-jupiter-params-5.7.0.jar;C:\Users\noeai\Repository\org\junit\jupiter\junit-jupiter-engine\5.7.0\junit-jupiter-engine-5.7.0.jar;C:\Users\noeai\Repository\org\junit\platform\junit-platform-engine\1.7.0\junit-platform-engine-1.7.0.jar;C:\Users\noeai\Repository\org\mockito\mockito-core\3.6.0\mockito-core-3.6.0.jar;C:\Users\noeai\Repository\net\bytebuddy\byte-buddy-agent\1.10.18\byte-buddy-agent-1.10.18.jar;C:\Users\noeai\Repository\org\objenesis\objenesis\3.1\objenesis-3.1.jar;C:\Users\noeai\Repository\org\mockito\mockito-junit-jupiter\3.6.0\mockito-junit-jupiter-3.6.0.jar;C:\Users\noeai\Repository\org\skyscreamer\jsonassert\1.5.0\jsonassert-1.5.0.jar;C:\Users\noeai\Repository\com\vaadin\external\google\android-json\0.0.20131108.vaadin1\android-json-0.0.20131108.vaadin1.jar;C:\Users\noeai\Repository\org\springframework\spring-core\5.3.1\spring-core-5.3.1.jar;C:\Users\noeai\Repository\org\springframework\spring-jcl\5.3.1\spring-jcl-5.3.1.jar;C:\Users\noeai\Repository\org\springframework\spring-test\5.3.1\spring-test-5.3.1.jar;C:\Users\noeai\Repository\org\xmlunit\xmlunit-core\2.7.0\xmlunit-core-2.7.0.jar;C:\Users\noeai\Repository\com\vladmihalcea\hibernate-types-52\2.20.0\hibernate-types-52-2.20.0.jar;C:\Users\noeai\Repository\javax\persistence\javax.persistence-api\2.2\javax.persistence-api-2.2.jar;C:\Users\noeai\Repository\org\apache\logging\log4j\log4j-api\2.6.1\log4j-api-2.6.1.jar;C:\Users\noeai\Repository\org\apache\logging\log4j\log4j-core\2.6.1\log4j-core-2.6.1.jar;C:\Users\noeai\Repository\org\json\json\20180130\json-20180130.jar;C:\Users\noeai\Repository\junit\junit\4.5\junit-4.5.jar;"/>
    <property name="sun.cpu.endian" value="little"/>
    <property name="user.home" value="C:\Users\noeai"/>
    <property name="user.language" value="es"/>
    <property name="java.specification.vendor" value="Oracle Corporation"/>
    <property name="java.version.date" value="2021-07-20"/>
    <property name="java.home" value="C:\Program Files\Java\jdk-16.0.2"/>
    <property name="file.separator" value="\"/>
    <property name="basedir" value="C:\Users\noeai\eclipse-workspace\MELI_Challenge\ip_geolocation"/>
    <property name="java.vm.compressedOopsMode" value="Zero based"/>
    <property name="line.separator" value="&#10;"/>
    <property name="java.vm.specification.vendor" value="Oracle Corporation"/>
    <property name="java.specification.name" value="Java Platform API Specification"/>
    <property name="surefire.real.class.path" value="C:\Users\noeai\AppData\Local\Temp\surefire1455053592794916080\surefirebooter4956519151832750649.jar"/>
    <property name="user.script" value=""/>
    <property name="sun.management.compiler" value="HotSpot 64-Bit Tiered Compilers"/>
    <property name="java.runtime.version" value="16.0.2+7-67"/>
    <property name="user.name" value="noeai"/>
    <property name="path.separator" value=";"/>
    <property name="os.version" value="10.0"/>
    <property name="java.runtime.name" value="Java(TM) SE Runtime Environment"/>
    <property name="file.encoding" value="Cp1252"/>
    <property name="java.vm.name" value="Java HotSpot(TM) 64-Bit Server VM"/>
    <property name="localRepository" value="C:\Users\noeai\Repository"/>
    <property name="java.vendor.url.bug" value="https://bugreport.java.com/bugreport/"/>
    <property name="java.io.tmpdir" value="C:\Users\noeai\AppData\Local\Temp\"/>
    <property name="java.version" value="16.0.2"/>
    <property name="user.dir" value="C:\Users\noeai\eclipse-workspace\MELI_Challenge\ip_geolocation"/>
    <property name="os.arch" value="amd64"/>
    <property name="java.vm.specification.name" value="Java Virtual Machine Specification"/>
    <property name="sun.os.patch.level" value=""/>
    <property name="java.library.path" value="C:\Program Files\Java\jdk-16.0.2\bin;C:\Windows\Sun\Java\bin;C:\Windows\system32;C:\Windows;C:/Users/noeai/.p2/pool/plugins/org.eclipse.justj.openjdk.hotspot.jre.full.win32.x86_64_17.0.0.v20211012-1059/jre/bin/server;C:/Users/noeai/.p2/pool/plugins/org.eclipse.justj.openjdk.hotspot.jre.full.win32.x86_64_17.0.0.v20211012-1059/jre/bin;C:\Program Files\Java\Java16\jdk-16.0.2_windows-x64_bin\jdk-16.0.2\bin;C:\Users\noeai\Programas\apache-maven-3.9.1\bin;C:\Program Files (x86)\Common Files\Oracle\Java\javapath;C:\Windows\system32;C:\Windows;C:\Windows\System32\Wbem;C:\Windows\System32\WindowsPowerShell\v1.0\;C:\Windows\System32\OpenSSH\;C:\Program Files\nodejs\;C:\Program Files\Git\cmd;C:\Program Files\Docker\Docker\resources\bin;C:\Users\noeai\AppData\Local\Microsoft\WindowsApps;;C:\Users\noeai\AppData\Local\Programs\Microsoft VS Code\bin;C:\Users\noeai\AppData\Roaming\npm;C:\Users\noeai\eclipse\java-2021-09\eclipse;;."/>
    <property name="java.vm.info" value="mixed mode, sharing"/>
    <property name="java.vendor" value="Oracle Corporation"/>
    <property name="java.vm.version" value="16.0.2+7-67"/>
    <property name="sun.io.unicode.encoding" value="UnicodeLittle"/>
    <property name="java.class.version" value="60.0"/>
  </properties>
  <testcase name="getCurrentDateTest" classname="com.ipgeolocation.utils.GeolocationUtilsTest" time="0.06"/>
  <testcase name="getCurrencyWithPriceToShow" classname="com.ipgeolocation.utils.GeolocationUtilsTest" time="1.587">
    <error message="Error while trying to call CurrencyAPI :No value for info" type="java.lang.Exception">java.lang.Exception: Error while trying to call CurrencyAPI :No value for info
	at com.ipgeolocation.utils.GeolocationUtilsTest.getCurrencyWithPriceToShow(GeolocationUtilsTest.java:48)
</error>
  </testcase>
</testsuite>